===BEGIN SIGNED DATA===
InputSha256=mg6VNSaci7KRHSsxLQa6/t3ncwPTzAUf48cAfAiuFtU=
a=0x0001 rwb=1 sync=0
a=0xFFFF rwb=1 sync=1
a=0x0002 rwb=1 sync=0
a=0x01F9 rwb=1 sync=0
a=0x01F8 rwb=1 sync=0
a=0x01F7 rwb=1 sync=0
a=0xFFFC rwb=1 sync=0
a=0xFFFD rwb=1 sync=0
a=0x0300 rwb=1 sync=1
a=0x0301 rwb=1 sync=0
a=0x0302 rwb=1 sync=1
a=0x0303 rwb=1 sync=0
a=0x0304 rwb=1 sync=1
a=0x0305 rwb=1 sync=0
a=0x0000 rwb=1 sync=0
a=0x0306 rwb=1 sync=1
a=0x0307 rwb=1 sync=0
a=0x0003 rwb=1 sync=0
a=0x0308 rwb=1 sync=1
a=0x0309 rwb=1 sync=0
a=0x0010 rwb=0 d=0xAD sync=0
a=0x030A rwb=1 sync=1
a=0x030B rwb=1 sync=0
a=0x030C rwb=1 sync=1
a=0x030D rwb=1 sync=0
a=0x030E rwb=1 sync=1
a=0x030F rwb=1 sync=0
a=0x0003 rwb=1 sync=0
a=0x0310 rwb=1 sync=1
a=0x0311 rwb=1 sync=0
a=0x0001 rwb=1 sync=0
a=0x0312 rwb=1 sync=1
a=0x0313 rwb=1 sync=0
a=0x0011 rwb=0 d=0xFE sync=0
a=0x0314 rwb=1 sync=1
a=0x0315 rwb=1 sync=0
a=0x0316 rwb=1 sync=1
a=0x0317 rwb=1 sync=0
a=0x0318 rwb=1 sync=1
a=0x0319 rwb=1 sync=0
a=0x0000 rwb=1 sync=0
a=0x031A rwb=1 sync=1
a=0x031B rwb=1 sync=0
a=0x0002 rwb=1 sync=0
a=0x031C rwb=1 sync=1
a=0x031D rwb=1 sync=0
a=0x0012 rwb=0 d=0xDE sync=0
a=0x031E rwb=1 sync=1
a=0x031F rwb=1 sync=0
a=0x0320 rwb=1 sync=0
a=0x031E rwb=1 sync=1
a=0x031F rwb=1 sync=0
a=0x0320 rwb=1 sync=0
a=0x031E rwb=1 sync=1
a=0x031F rwb=1 sync=0
a=0x0320 rwb=1 sync=0
a=0x031E rwb=1 sync=1
a=0x031F rwb=1 sync=0
a=0x0320 rwb=1 sync=0
a=0x031E rwb=1 sync=1
a=0x031F rwb=1 sync=0
a=0x0320 rwb=1 sync=0
a=0x031E rwb=1 sync=1
a=0x031F rwb=1 sync=0
a=0x0320 rwb=1 sync=0
a=0x031E rwb=1 sync=1
a=0x031F rwb=1 sync=0
a=0x0320 rwb=1 sync=0
a=0x031E rwb=1 sync=1
a=0x031F rwb=1 sync=0
a=0x0320 rwb=1 sync=0
a=0x031E rwb=1 sync=1
a=0x031F rwb=1 sync=0
a=0x0320 rwb=1 sync=0
a=0x031E rwb=1 sync=1
a=0x031F rwb=1 sync=0
a=0x0320 rwb=1 sync=0
a=0x031E rwb=1 sync=1
a=0x031F rwb=1 sync=0
a=0x0320 rwb=1 sync=0
a=0x031E rwb=1 sync=1
a=0x031F rwb=1 sync=0
a=0x0320 rwb=1 sync=0
a=0x031E rwb=1 sync=1
a=0x031F rwb=1 sync=0
a=0x0320 rwb=1 sync=0
a=0x031E rwb=1 sync=1
a=0x031F rwb=1 sync=0
a=0x0320 rwb=1 sync=0
a=0x031E rwb=1 sync=1
a=0x031F rwb=1 sync=0
a=0x0320 rwb=1 sync=0
a=0x031E rwb=1 sync=1
a=0x031F rwb=1 sync=0
a=0x0320 rwb=1 sync=0
a=0x031E rwb=1 sync=1
a=0x031F rwb=1 sync=0
a=0x0320 rwb=1 sync=0
a=0x031E rwb=1 sync=1
a=0x031F rwb=1 sync=0
===END SIGNED DATA===
Signature=pG4I/tbpY5TwBG+aBxD46yej48Mq4j8EgFAI5feE9rsWPqZJn0+5n/vsuh5qixWZp4ThjLjKkiDnHFuGMZtPHQ==
