===BEGIN SIGNED DATA===
InputSha256=XA2eNCnK6MOju3JTVGgsMRSv/huAlp7IEqmPevSX874=
a=0x0002 rwb=1 
a=0xFFFF rwb=1 
a=0x0003 rwb=1 
a=0x0181 rwb=1 
a=0x0180 rwb=1 
a=0x017F rwb=1 
a=0xFFFC rwb=1 
a=0xFFFD rwb=1 
a=0x0000 rwb=1 
a=0x0001 rwb=1 
a=0x0001 rwb=1 
a=0x0002 rwb=1 
a=0x0003 rwb=1 
a=0x0001 rwb=1 
a=0x0002 rwb=1 
a=0x0003 rwb=1 
a=0x0001 rwb=1 
a=0x0002 rwb=1 
a=0x0003 rwb=1 
a=0x0001 rwb=1 
a=0x0002 rwb=1 
a=0x0003 rwb=1 
a=0x0001 rwb=1 
a=0x0002 rwb=1 
a=0x0003 rwb=1 
a=0x0001 rwb=1 
a=0x0002 rwb=1 
a=0x0003 rwb=1 
a=0x0001 rwb=1 
a=0x0002 rwb=1 
a=0x0003 rwb=1 
a=0x0001 rwb=1 
a=0x0002 rwb=1 
a=0x0003 rwb=1 
a=0x0001 rwb=1 
a=0x0002 rwb=1 
a=0x0003 rwb=1 
a=0x0001 rwb=1 
a=0x0002 rwb=1 
a=0x0003 rwb=1 
a=0x0001 rwb=1 
a=0x0002 rwb=1 
a=0x0003 rwb=1 
a=0x0001 rwb=1 
a=0x0002 rwb=1 
a=0x0003 rwb=1 
a=0x0001 rwb=1 
a=0x0002 rwb=1 
a=0x0003 rwb=1 
a=0x0001 rwb=1 
a=0x0002 rwb=1 
a=0x0003 rwb=1 
a=0x0001 rwb=1 
a=0x0002 rwb=1 
a=0x0003 rwb=1 
a=0x0001 rwb=1 
a=0x0002 rwb=1 
a=0x0003 rwb=1 
a=0x0001 rwb=1 
a=0x0002 rwb=1 
a=0x0003 rwb=1 
a=0x0001 rwb=1 
a=0x0002 rwb=1 
a=0x0003 rwb=1 
a=0x0001 rwb=1 
a=0x0002 rwb=1 
a=0x0003 rwb=1 
a=0x0001 rwb=1 
a=0x0002 rwb=1 
a=0x0003 rwb=1 
a=0x0001 rwb=1 
a=0x0002 rwb=1 
a=0x0003 rwb=1 
a=0x0001 rwb=1 
a=0x0002 rwb=1 
a=0x0003 rwb=1 
a=0x0001 rwb=1 
a=0x0002 rwb=1 
a=0x0003 rwb=1 
a=0x0001 rwb=1 
a=0x0002 rwb=1 
a=0x0003 rwb=1 
a=0x0001 rwb=1 
a=0x0002 rwb=1 
a=0x0003 rwb=1 
a=0x0001 rwb=1 
a=0x0002 rwb=1 
a=0x0003 rwb=1 
a=0x0001 rwb=1 
a=0x0002 rwb=1 
a=0x0003 rwb=1 
a=0x0001 rwb=1 
a=0x0002 rwb=1 
a=0x0003 rwb=1 
a=0x0001 rwb=1 
a=0x0002 rwb=1 
a=0x0003 rwb=1 
a=0x0001 rwb=1 
a=0x0002 rwb=1 
a=0x0003 rwb=1 
===END SIGNED DATA===
Signature=C16pJyuNLcrQJJJR5xO5H+iVl/+x6QfTn1dzTeyVPUjNP7+7rPi4Y+4qZ3SEpqUVHAY/aZkBGX00aVYoFmOmKg==
