===BEGIN SIGNED DATA===
InputSha256=InWOsz5HIk6YTbJzZ2yBUlIWDVOr1nMeAftBl+0XaSM=
a=0x0001 rwb=1 
a=0xFFFF rwb=1 
a=0x0002 rwb=1 
a=0x017B rwb=1 
a=0x017A rwb=1 
a=0x0179 rwb=1 
a=0xFFFC rwb=1 
a=0xFFFD rwb=1 
a=0x0004 rwb=1 
a=0x0005 rwb=1 
a=0x0006 rwb=1 
a=0x0007 rwb=1 
a=0x0008 rwb=1 
a=0x0009 rwb=1 
a=0x0000 rwb=1 
a=0x000A rwb=1 
a=0x000B rwb=1 
a=0x0003 rwb=1 
a=0x000C rwb=1 
a=0x000D rwb=1 
a=0x0010 rwb=0 d=0xAD 
a=0x000E rwb=1 
a=0x000F rwb=1 
a=0x0010 rwb=1 
a=0x0011 rwb=1 
a=0x0012 rwb=1 
a=0xA655 rwb=1 
a=0x0013 rwb=1 
a=0x0014 rwb=1 
a=0x0015 rwb=1 
a=0x0001 rwb=1 
a=0x0016 rwb=1 
a=0x0017 rwb=1 
a=0x0011 rwb=0 d=0xFE 
a=0x0018 rwb=1 
a=0x0019 rwb=1 
a=0x001A rwb=1 
a=0x001B rwb=1 
a=0x001C rwb=1 
a=0x001D rwb=1 
a=0x0000 rwb=1 
a=0x001E rwb=1 
a=0x001F rwb=1 
a=0x0002 rwb=1 
a=0x0020 rwb=1 
a=0x0021 rwb=1 
a=0x0012 rwb=0 d=0xDE 
a=0x0022 rwb=1 
a=0x0023 rwb=1 
a=0x0024 rwb=1 
a=0x0022 rwb=1 
a=0x0023 rwb=1 
a=0x0024 rwb=1 
a=0x0022 rwb=1 
a=0x0023 rwb=1 
a=0x0024 rwb=1 
a=0x0022 rwb=1 
a=0x0023 rwb=1 
a=0x0024 rwb=1 
a=0x0022 rwb=1 
a=0x0023 rwb=1 
a=0x0024 rwb=1 
a=0x0022 rwb=1 
a=0x0023 rwb=1 
a=0x0024 rwb=1 
a=0x0022 rwb=1 
a=0x0023 rwb=1 
a=0x0024 rwb=1 
a=0x0022 rwb=1 
a=0x0023 rwb=1 
a=0x0024 rwb=1 
a=0x0022 rwb=1 
a=0x0023 rwb=1 
a=0x0024 rwb=1 
a=0x0022 rwb=1 
a=0x0023 rwb=1 
a=0x0024 rwb=1 
a=0x0022 rwb=1 
a=0x0023 rwb=1 
a=0x0024 rwb=1 
a=0x0022 rwb=1 
a=0x0023 rwb=1 
a=0x0024 rwb=1 
a=0x0022 rwb=1 
a=0x0023 rwb=1 
a=0x0024 rwb=1 
a=0x0022 rwb=1 
a=0x0023 rwb=1 
a=0x0024 rwb=1 
a=0x0022 rwb=1 
a=0x0023 rwb=1 
a=0x0024 rwb=1 
a=0x0022 rwb=1 
a=0x0023 rwb=1 
a=0x0024 rwb=1 
a=0x0022 rwb=1 
a=0x0023 rwb=1 
a=0x0024 rwb=1 
a=0x0022 rwb=1 
a=0x0023 rwb=1 
===END SIGNED DATA===
Signature=s/3bY7iYm/z8kBBiHasA9RBYXcByvypD27959OqVnoOsW+6W3BndGxvBUFWMBqx0aM0QL8gLhNPeZoJNwRWrBg==
